{"/Users/vantranguyenthi/Documents/project/letEnjoyYourMeals/api/src/middleware/verifyAuth.ts": {"path":"/Users/vantranguyenthi/Documents/project/letEnjoyYourMeals/api/src/middleware/verifyAuth.ts","statementMap":{"0":{"start":{"line":5,"column":0},"end":{"line":5,"column":7}},"1":{"start":{"line":2,"column":0},"end":{"line":2,"column":44}},"2":{"start":{"line":3,"column":0},"end":{"line":3,"column":39}},"3":{"start":{"line":9,"column":21},"end":{"line":9,"column":50}},"4":{"start":{"line":10,"column":2},"end":{"line":12,"column":3}},"5":{"start":{"line":11,"column":4},"end":{"line":11,"column":71}},"6":{"start":{"line":14,"column":16},"end":{"line":14,"column":40}},"7":{"start":{"line":17,"column":2},"end":{"line":21,"column":3}},"8":{"start":{"line":18,"column":4},"end":{"line":18,"column":33}},"9":{"start":{"line":20,"column":4},"end":{"line":20,"column":71}},"10":{"start":{"line":23,"column":21},"end":{"line":23,"column":99}},"11":{"start":{"line":24,"column":2},"end":{"line":26,"column":3}},"12":{"start":{"line":25,"column":4},"end":{"line":25,"column":64}},"13":{"start":{"line":28,"column":18},"end":{"line":28,"column":43}},"14":{"start":{"line":31,"column":3},"end":{"line":35,"column":4}}},"fnMap":{"0":{"name":"authMiddleware","decl":{"start":{"line":5,"column":22},"end":{"line":5,"column":36}},"loc":{"start":{"line":7,"column":21},"end":{"line":36,"column":1}}}},"branchMap":{"0":{"loc":{"start":{"line":10,"column":2},"end":{"line":12,"column":3}},"type":"if","locations":[{"start":{"line":10,"column":2},"end":{"line":12,"column":3}}]},"1":{"loc":{"start":{"line":10,"column":6},"end":{"line":10,"column":54}},"type":"binary-expr","locations":[{"start":{"line":10,"column":6},"end":{"line":10,"column":17}},{"start":{"line":10,"column":21},"end":{"line":10,"column":54}}]},"2":{"loc":{"start":{"line":24,"column":2},"end":{"line":26,"column":3}},"type":"if","locations":[{"start":{"line":24,"column":2},"end":{"line":26,"column":3}}]}},"s":{"0":1,"1":1,"2":1,"3":5,"4":5,"5":1,"6":4,"7":4,"8":4,"9":1,"10":3,"11":3,"12":1,"13":2,"14":2},"f":{"0":5},"b":{"0":[1],"1":[5,4],"2":[1]}}
,"/Users/vantranguyenthi/Documents/project/letEnjoyYourMeals/api/src/middleware/verifyLocationMiddleware.ts": {"path":"/Users/vantranguyenthi/Documents/project/letEnjoyYourMeals/api/src/middleware/verifyLocationMiddleware.ts","statementMap":{"0":{"start":{"line":29,"column":0},"end":{"line":29,"column":7}},"1":{"start":{"line":2,"column":0},"end":{"line":2,"column":31}},"2":{"start":{"line":3,"column":0},"end":{"line":3,"column":62}},"3":{"start":{"line":5,"column":26},"end":{"line":5,"column":61}},"4":{"start":{"line":8,"column":2},"end":{"line":8,"column":33}},"5":{"start":{"line":8,"column":26},"end":{"line":8,"column":33}},"6":{"start":{"line":10,"column":18},"end":{"line":16,"column":4}},"7":{"start":{"line":18,"column":2},"end":{"line":26,"column":3}},"8":{"start":{"line":19,"column":4},"end":{"line":23,"column":7}},"9":{"start":{"line":25,"column":4},"end":{"line":25,"column":50}},"10":{"start":{"line":33,"column":2},"end":{"line":48,"column":3}},"11":{"start":{"line":34,"column":41},"end":{"line":34,"column":63}},"12":{"start":{"line":36,"column":20},"end":{"line":36,"column":66}},"13":{"start":{"line":37,"column":4},"end":{"line":45,"column":5}},"14":{"start":{"line":38,"column":6},"end":{"line":40,"column":8}},"15":{"start":{"line":42,"column":6},"end":{"line":42,"column":44}},"16":{"start":{"line":44,"column":6},"end":{"line":44,"column":76}},"17":{"start":{"line":47,"column":4},"end":{"line":47,"column":58}}},"fnMap":{"0":{"name":"notifyAdmin","decl":{"start":{"line":7,"column":15},"end":{"line":7,"column":26}},"loc":{"start":{"line":7,"column":72},"end":{"line":27,"column":1}}},"1":{"name":"verifyLocationMiddleware","decl":{"start":{"line":29,"column":22},"end":{"line":29,"column":46}},"loc":{"start":{"line":31,"column":21},"end":{"line":49,"column":1}}}},"branchMap":{"0":{"loc":{"start":{"line":5,"column":26},"end":{"line":5,"column":61}},"type":"binary-expr","locations":[{"start":{"line":5,"column":26},"end":{"line":5,"column":55}},{"start":{"line":5,"column":59},"end":{"line":5,"column":61}}]},"1":{"loc":{"start":{"line":8,"column":2},"end":{"line":8,"column":33}},"type":"if","locations":[{"start":{"line":8,"column":2},"end":{"line":8,"column":33}}]},"2":{"loc":{"start":{"line":37,"column":4},"end":{"line":45,"column":5}},"type":"if","locations":[{"start":{"line":37,"column":4},"end":{"line":45,"column":5}}]}},"s":{"0":1,"1":1,"2":1,"3":1,"4":0,"5":0,"6":0,"7":0,"8":0,"9":0,"10":3,"11":3,"12":2,"13":2,"14":0,"15":0,"16":0,"17":1},"f":{"0":0,"1":3},"b":{"0":[1,0],"1":[0],"2":[0]}}
,"/Users/vantranguyenthi/Documents/project/letEnjoyYourMeals/api/src/routes/auth.ts": {"path":"/Users/vantranguyenthi/Documents/project/letEnjoyYourMeals/api/src/routes/auth.ts","statementMap":{"0":{"start":{"line":13,"column":0},"end":{"line":13,"column":7}},"1":{"start":{"line":2,"column":0},"end":{"line":2,"column":null}},"2":{"start":{"line":11,"column":0},"end":{"line":11,"column":39}},"3":{"start":{"line":14,"column":2},"end":{"line":46,"column":5}},"4":{"start":{"line":15,"column":29},"end":{"line":15,"column":65}},"5":{"start":{"line":17,"column":4},"end":{"line":19,"column":5}},"6":{"start":{"line":18,"column":6},"end":{"line":18,"column":70}},"7":{"start":{"line":21,"column":25},"end":{"line":21,"column":58}},"8":{"start":{"line":22,"column":4},"end":{"line":24,"column":5}},"9":{"start":{"line":23,"column":6},"end":{"line":23,"column":74}},"10":{"start":{"line":26,"column":23},"end":{"line":26,"column":41}},"11":{"start":{"line":27,"column":4},"end":{"line":29,"column":5}},"12":{"start":{"line":28,"column":6},"end":{"line":28,"column":70}},"13":{"start":{"line":31,"column":26},"end":{"line":34,"column":null}},"14":{"start":{"line":37,"column":4},"end":{"line":39,"column":5}},"15":{"start":{"line":38,"column":6},"end":{"line":38,"column":81}},"16":{"start":{"line":41,"column":18},"end":{"line":41,"column":72}},"17":{"start":{"line":42,"column":4},"end":{"line":42,"column":81}},"18":{"start":{"line":43,"column":4},"end":{"line":43,"column":68}},"19":{"start":{"line":45,"column":4},"end":{"line":45,"column":33}},"20":{"start":{"line":48,"column":2},"end":{"line":78,"column":5}},"21":{"start":{"line":49,"column":23},"end":{"line":49,"column":48}},"22":{"start":{"line":50,"column":4},"end":{"line":52,"column":5}},"23":{"start":{"line":51,"column":6},"end":{"line":51,"column":73}},"24":{"start":{"line":54,"column":18},"end":{"line":54,"column":42}},"25":{"start":{"line":56,"column":4},"end":{"line":60,"column":5}},"26":{"start":{"line":57,"column":6},"end":{"line":57,"column":35}},"27":{"start":{"line":59,"column":6},"end":{"line":59,"column":73}},"28":{"start":{"line":62,"column":24},"end":{"line":66,"column":12}},"29":{"start":{"line":68,"column":4},"end":{"line":70,"column":5}},"30":{"start":{"line":69,"column":6},"end":{"line":69,"column":45}},"31":{"start":{"line":72,"column":22},"end":{"line":72,"column":68}},"32":{"start":{"line":73,"column":4},"end":{"line":75,"column":5}},"33":{"start":{"line":74,"column":6},"end":{"line":74,"column":35}},"34":{"start":{"line":77,"column":4},"end":{"line":77,"column":41}},"35":{"start":{"line":80,"column":2},"end":{"line":107,"column":5}},"36":{"start":{"line":81,"column":23},"end":{"line":81,"column":48}},"37":{"start":{"line":82,"column":4},"end":{"line":84,"column":5}},"38":{"start":{"line":83,"column":6},"end":{"line":83,"column":73}},"39":{"start":{"line":86,"column":18},"end":{"line":86,"column":42}},"40":{"start":{"line":89,"column":4},"end":{"line":93,"column":5}},"41":{"start":{"line":90,"column":6},"end":{"line":90,"column":35}},"42":{"start":{"line":92,"column":6},"end":{"line":92,"column":73}},"43":{"start":{"line":95,"column":24},"end":{"line":99,"column":12}},"44":{"start":{"line":101,"column":4},"end":{"line":103,"column":5}},"45":{"start":{"line":102,"column":6},"end":{"line":102,"column":77}},"46":{"start":{"line":105,"column":24},"end":{"line":105,"column":50}},"47":{"start":{"line":106,"column":4},"end":{"line":106,"column":48}}},"fnMap":{"0":{"name":"authRoutes","decl":{"start":{"line":13,"column":22},"end":{"line":13,"column":32}},"loc":{"start":{"line":13,"column":57},"end":{"line":108,"column":1}}},"1":{"name":"(anonymous_1)","decl":{"start":{"line":14,"column":24},"end":{"line":14,"column":29}},"loc":{"start":{"line":14,"column":45},"end":{"line":46,"column":3}}},"2":{"name":"(anonymous_2)","decl":{"start":{"line":48,"column":31},"end":{"line":48,"column":36}},"loc":{"start":{"line":48,"column":52},"end":{"line":78,"column":3}}},"3":{"name":"(anonymous_3)","decl":{"start":{"line":80,"column":26},"end":{"line":80,"column":31}},"loc":{"start":{"line":80,"column":47},"end":{"line":107,"column":3}}}},"branchMap":{"0":{"loc":{"start":{"line":17,"column":4},"end":{"line":19,"column":5}},"type":"if","locations":[{"start":{"line":17,"column":4},"end":{"line":19,"column":5}}]},"1":{"loc":{"start":{"line":22,"column":4},"end":{"line":24,"column":5}},"type":"if","locations":[{"start":{"line":22,"column":4},"end":{"line":24,"column":5}}]},"2":{"loc":{"start":{"line":27,"column":4},"end":{"line":29,"column":5}},"type":"if","locations":[{"start":{"line":27,"column":4},"end":{"line":29,"column":5}}]},"3":{"loc":{"start":{"line":37,"column":4},"end":{"line":39,"column":5}},"type":"if","locations":[{"start":{"line":37,"column":4},"end":{"line":39,"column":5}}]},"4":{"loc":{"start":{"line":50,"column":4},"end":{"line":52,"column":5}},"type":"if","locations":[{"start":{"line":50,"column":4},"end":{"line":52,"column":5}}]},"5":{"loc":{"start":{"line":68,"column":4},"end":{"line":70,"column":5}},"type":"if","locations":[{"start":{"line":68,"column":4},"end":{"line":70,"column":5}}]},"6":{"loc":{"start":{"line":73,"column":4},"end":{"line":75,"column":5}},"type":"if","locations":[{"start":{"line":73,"column":4},"end":{"line":75,"column":5}}]},"7":{"loc":{"start":{"line":82,"column":4},"end":{"line":84,"column":5}},"type":"if","locations":[{"start":{"line":82,"column":4},"end":{"line":84,"column":5}}]},"8":{"loc":{"start":{"line":101,"column":4},"end":{"line":103,"column":5}},"type":"if","locations":[{"start":{"line":101,"column":4},"end":{"line":103,"column":5}}]}},"s":{"0":1,"1":1,"2":1,"3":1,"4":5,"5":5,"6":1,"7":4,"8":4,"9":1,"10":3,"11":3,"12":1,"13":2,"14":2,"15":1,"16":1,"17":1,"18":1,"19":1,"20":1,"21":3,"22":3,"23":1,"24":2,"25":2,"26":2,"27":1,"28":1,"29":1,"30":1,"31":1,"32":1,"33":1,"34":1,"35":1,"36":3,"37":3,"38":1,"39":2,"40":2,"41":2,"42":1,"43":1,"44":1,"45":0,"46":1,"47":1},"f":{"0":1,"1":5,"2":3,"3":3},"b":{"0":[1],"1":[1],"2":[1],"3":[1],"4":[1],"5":[1],"6":[1],"7":[1],"8":[0]}}
,"/Users/vantranguyenthi/Documents/project/letEnjoyYourMeals/api/src/routes/category.ts": {"path":"/Users/vantranguyenthi/Documents/project/letEnjoyYourMeals/api/src/routes/category.ts","statementMap":{"0":{"start":{"line":5,"column":0},"end":{"line":5,"column":7}},"1":{"start":{"line":2,"column":0},"end":{"line":2,"column":39}},"2":{"start":{"line":7,"column":2},"end":{"line":13,"column":5}},"3":{"start":{"line":8,"column":21},"end":{"line":8,"column":60}},"4":{"start":{"line":9,"column":4},"end":{"line":12,"column":22}},"5":{"start":{"line":9,"column":39},"end":{"line":12,"column":6}},"6":{"start":{"line":16,"column":2},"end":{"line":25,"column":5}},"7":{"start":{"line":17,"column":19},"end":{"line":17,"column":51}},"8":{"start":{"line":18,"column":16},"end":{"line":18,"column":63}},"9":{"start":{"line":20,"column":4},"end":{"line":22,"column":5}},"10":{"start":{"line":21,"column":6},"end":{"line":21,"column":69}},"11":{"start":{"line":24,"column":4},"end":{"line":24,"column":53}},"12":{"start":{"line":28,"column":2},"end":{"line":54,"column":5}},"13":{"start":{"line":29,"column":17},"end":{"line":29,"column":43}},"14":{"start":{"line":31,"column":4},"end":{"line":33,"column":5}},"15":{"start":{"line":32,"column":6},"end":{"line":32,"column":73}},"16":{"start":{"line":35,"column":18},"end":{"line":35,"column":28}},"17":{"start":{"line":37,"column":4},"end":{"line":46,"column":5}},"18":{"start":{"line":38,"column":6},"end":{"line":42,"column":7}},"19":{"start":{"line":39,"column":8},"end":{"line":41,"column":65}},"20":{"start":{"line":44,"column":21},"end":{"line":44,"column":65}},"21":{"start":{"line":45,"column":6},"end":{"line":45,"column":34}},"22":{"start":{"line":48,"column":4},"end":{"line":48,"column":25}},"23":{"start":{"line":50,"column":4},"end":{"line":53,"column":7}},"24":{"start":{"line":57,"column":2},"end":{"line":63,"column":5}},"25":{"start":{"line":58,"column":19},"end":{"line":58,"column":51}},"26":{"start":{"line":59,"column":17},"end":{"line":59,"column":50}},"27":{"start":{"line":61,"column":4},"end":{"line":61,"column":59}},"28":{"start":{"line":62,"column":4},"end":{"line":62,"column":65}},"29":{"start":{"line":66,"column":2},"end":{"line":71,"column":5}},"30":{"start":{"line":67,"column":19},"end":{"line":67,"column":51}},"31":{"start":{"line":69,"column":4},"end":{"line":69,"column":55}},"32":{"start":{"line":70,"column":4},"end":{"line":70,"column":65}}},"fnMap":{"0":{"name":"categoryRoutes","decl":{"start":{"line":5,"column":22},"end":{"line":5,"column":36}},"loc":{"start":{"line":5,"column":61},"end":{"line":72,"column":1}}},"1":{"name":"(anonymous_1)","decl":{"start":{"line":7,"column":29},"end":{"line":7,"column":34}},"loc":{"start":{"line":7,"column":40},"end":{"line":13,"column":3}}},"2":{"name":"(anonymous_2)","decl":{"start":{"line":9,"column":29},"end":{"line":9,"column":30}},"loc":{"start":{"line":9,"column":39},"end":{"line":12,"column":6}}},"3":{"name":"(anonymous_3)","decl":{"start":{"line":16,"column":33},"end":{"line":16,"column":38}},"loc":{"start":{"line":16,"column":58},"end":{"line":25,"column":3}}},"4":{"name":"(anonymous_4)","decl":{"start":{"line":28,"column":30},"end":{"line":28,"column":35}},"loc":{"start":{"line":28,"column":55},"end":{"line":54,"column":3}}},"5":{"name":"(anonymous_5)","decl":{"start":{"line":57,"column":33},"end":{"line":57,"column":38}},"loc":{"start":{"line":57,"column":58},"end":{"line":63,"column":3}}},"6":{"name":"(anonymous_6)","decl":{"start":{"line":66,"column":36},"end":{"line":66,"column":41}},"loc":{"start":{"line":66,"column":61},"end":{"line":71,"column":3}}}},"branchMap":{"0":{"loc":{"start":{"line":20,"column":4},"end":{"line":22,"column":5}},"type":"if","locations":[{"start":{"line":20,"column":4},"end":{"line":22,"column":5}}]},"1":{"loc":{"start":{"line":31,"column":4},"end":{"line":33,"column":5}},"type":"if","locations":[{"start":{"line":31,"column":4},"end":{"line":33,"column":5}}]},"2":{"loc":{"start":{"line":31,"column":8},"end":{"line":31,"column":49}},"type":"binary-expr","locations":[{"start":{"line":31,"column":8},"end":{"line":31,"column":28}},{"start":{"line":31,"column":32},"end":{"line":31,"column":49}}]},"3":{"loc":{"start":{"line":38,"column":6},"end":{"line":42,"column":7}},"type":"if","locations":[{"start":{"line":38,"column":6},"end":{"line":42,"column":7}}]}},"s":{"0":1,"1":1,"2":1,"3":1,"4":1,"5":2,"6":1,"7":2,"8":2,"9":2,"10":1,"11":1,"12":1,"13":3,"14":3,"15":1,"16":2,"17":2,"18":2,"19":1,"20":1,"21":1,"22":1,"23":1,"24":1,"25":1,"26":1,"27":1,"28":1,"29":1,"30":1,"31":1,"32":1},"f":{"0":1,"1":1,"2":2,"3":2,"4":3,"5":1,"6":1},"b":{"0":[1],"1":[1],"2":[3,2],"3":[1]}}
,"/Users/vantranguyenthi/Documents/project/letEnjoyYourMeals/api/src/routes/comment.ts": {"path":"/Users/vantranguyenthi/Documents/project/letEnjoyYourMeals/api/src/routes/comment.ts","statementMap":{"0":{"start":{"line":5,"column":0},"end":{"line":5,"column":7}},"1":{"start":{"line":2,"column":0},"end":{"line":2,"column":39}},"2":{"start":{"line":7,"column":2},"end":{"line":16,"column":5}},"3":{"start":{"line":8,"column":26},"end":{"line":8,"column":60}},"4":{"start":{"line":10,"column":23},"end":{"line":10,"column":48}},"5":{"start":{"line":11,"column":21},"end":{"line":13,"column":30}},"6":{"start":{"line":15,"column":4},"end":{"line":15,"column":84}},"7":{"start":{"line":15,"column":39},"end":{"line":15,"column":68}},"8":{"start":{"line":19,"column":2},"end":{"line":28,"column":5}},"9":{"start":{"line":20,"column":19},"end":{"line":20,"column":51}},"10":{"start":{"line":21,"column":16},"end":{"line":21,"column":61}},"11":{"start":{"line":23,"column":4},"end":{"line":25,"column":5}},"12":{"start":{"line":24,"column":6},"end":{"line":24,"column":68}},"13":{"start":{"line":27,"column":4},"end":{"line":27,"column":52}},"14":{"start":{"line":31,"column":2},"end":{"line":51,"column":5}},"15":{"start":{"line":32,"column":17},"end":{"line":32,"column":42}},"16":{"start":{"line":33,"column":14},"end":{"line":33,"column":38}},"17":{"start":{"line":35,"column":16},"end":{"line":35,"column":26}},"18":{"start":{"line":37,"column":2},"end":{"line":46,"column":3}},"19":{"start":{"line":38,"column":19},"end":{"line":38,"column":60}},"20":{"start":{"line":39,"column":4},"end":{"line":45,"column":7}},"21":{"start":{"line":48,"column":2},"end":{"line":48,"column":23}},"22":{"start":{"line":50,"column":2},"end":{"line":50,"column":92}},"23":{"start":{"line":54,"column":2},"end":{"line":61,"column":5}},"24":{"start":{"line":55,"column":19},"end":{"line":55,"column":51}},"25":{"start":{"line":56,"column":17},"end":{"line":56,"column":49}},"26":{"start":{"line":58,"column":4},"end":{"line":58,"column":46}},"27":{"start":{"line":59,"column":4},"end":{"line":59,"column":57}},"28":{"start":{"line":60,"column":4},"end":{"line":60,"column":54}},"29":{"start":{"line":64,"column":2},"end":{"line":68,"column":5}},"30":{"start":{"line":65,"column":19},"end":{"line":65,"column":51}},"31":{"start":{"line":66,"column":4},"end":{"line":66,"column":53}},"32":{"start":{"line":67,"column":4},"end":{"line":67,"column":54}}},"fnMap":{"0":{"name":"commentRoutes","decl":{"start":{"line":5,"column":22},"end":{"line":5,"column":35}},"loc":{"start":{"line":5,"column":60},"end":{"line":69,"column":1}}},"1":{"name":"(anonymous_1)","decl":{"start":{"line":7,"column":27},"end":{"line":7,"column":32}},"loc":{"start":{"line":7,"column":45},"end":{"line":16,"column":3}}},"2":{"name":"(anonymous_2)","decl":{"start":{"line":15,"column":29},"end":{"line":15,"column":30}},"loc":{"start":{"line":15,"column":39},"end":{"line":15,"column":68}}},"3":{"name":"(anonymous_3)","decl":{"start":{"line":19,"column":31},"end":{"line":19,"column":36}},"loc":{"start":{"line":19,"column":56},"end":{"line":28,"column":3}}},"4":{"name":"(anonymous_4)","decl":{"start":{"line":31,"column":28},"end":{"line":31,"column":33}},"loc":{"start":{"line":31,"column":53},"end":{"line":51,"column":3}}},"5":{"name":"(anonymous_5)","decl":{"start":{"line":54,"column":31},"end":{"line":54,"column":36}},"loc":{"start":{"line":54,"column":56},"end":{"line":61,"column":3}}},"6":{"name":"(anonymous_6)","decl":{"start":{"line":64,"column":34},"end":{"line":64,"column":39}},"loc":{"start":{"line":64,"column":59},"end":{"line":68,"column":3}}}},"branchMap":{"0":{"loc":{"start":{"line":11,"column":21},"end":{"line":13,"column":30}},"type":"cond-expr","locations":[{"start":{"line":12,"column":8},"end":{"line":12,"column":72}},{"start":{"line":13,"column":8},"end":{"line":13,"column":30}}]},"1":{"loc":{"start":{"line":23,"column":4},"end":{"line":25,"column":5}},"type":"if","locations":[{"start":{"line":23,"column":4},"end":{"line":25,"column":5}}]},"2":{"loc":{"start":{"line":43,"column":13},"end":{"line":43,"column":31}},"type":"binary-expr","locations":[{"start":{"line":43,"column":13},"end":{"line":43,"column":26}},{"start":{"line":43,"column":30},"end":{"line":43,"column":31}}]},"3":{"loc":{"start":{"line":44,"column":15},"end":{"line":44,"column":36}},"type":"binary-expr","locations":[{"start":{"line":44,"column":15},"end":{"line":44,"column":30}},{"start":{"line":44,"column":34},"end":{"line":44,"column":36}}]}},"s":{"0":1,"1":1,"2":1,"3":2,"4":2,"5":2,"6":2,"7":3,"8":1,"9":2,"10":2,"11":2,"12":1,"13":1,"14":1,"15":1,"16":1,"17":1,"18":1,"19":1,"20":1,"21":1,"22":1,"23":1,"24":1,"25":1,"26":1,"27":1,"28":1,"29":1,"30":1,"31":1,"32":1},"f":{"0":1,"1":2,"2":3,"3":2,"4":1,"5":1,"6":1},"b":{"0":[1,1],"1":[1],"2":[1,1],"3":[1,1]}}
,"/Users/vantranguyenthi/Documents/project/letEnjoyYourMeals/api/src/routes/restaurant.ts": {"path":"/Users/vantranguyenthi/Documents/project/letEnjoyYourMeals/api/src/routes/restaurant.ts","statementMap":{"0":{"start":{"line":5,"column":0},"end":{"line":5,"column":7}},"1":{"start":{"line":2,"column":0},"end":{"line":2,"column":39}},"2":{"start":{"line":7,"column":2},"end":{"line":13,"column":5}},"3":{"start":{"line":8,"column":21},"end":{"line":8,"column":61}},"4":{"start":{"line":9,"column":4},"end":{"line":12,"column":24}},"5":{"start":{"line":9,"column":39},"end":{"line":12,"column":6}},"6":{"start":{"line":16,"column":2},"end":{"line":25,"column":5}},"7":{"start":{"line":17,"column":19},"end":{"line":17,"column":51}},"8":{"start":{"line":18,"column":16},"end":{"line":18,"column":64}},"9":{"start":{"line":20,"column":4},"end":{"line":22,"column":5}},"10":{"start":{"line":21,"column":6},"end":{"line":21,"column":71}},"11":{"start":{"line":24,"column":4},"end":{"line":24,"column":55}},"12":{"start":{"line":28,"column":2},"end":{"line":58,"column":5}},"13":{"start":{"line":29,"column":17},"end":{"line":29,"column":58}},"14":{"start":{"line":31,"column":4},"end":{"line":50,"column":5}},"15":{"start":{"line":32,"column":24},"end":{"line":32,"column":55}},"16":{"start":{"line":32,"column":46},"end":{"line":32,"column":54}},"17":{"start":{"line":34,"column":6},"end":{"line":38,"column":7}},"18":{"start":{"line":35,"column":8},"end":{"line":37,"column":69}},"19":{"start":{"line":40,"column":20},"end":{"line":40,"column":30}},"20":{"start":{"line":41,"column":6},"end":{"line":44,"column":9}},"21":{"start":{"line":42,"column":20},"end":{"line":42,"column":67}},"22":{"start":{"line":43,"column":8},"end":{"line":43,"column":35}},"23":{"start":{"line":46,"column":6},"end":{"line":46,"column":27}},"24":{"start":{"line":47,"column":6},"end":{"line":49,"column":69}},"25":{"start":{"line":52,"column":4},"end":{"line":54,"column":5}},"26":{"start":{"line":53,"column":6},"end":{"line":53,"column":72}},"27":{"start":{"line":56,"column":4},"end":{"line":56,"column":62}},"28":{"start":{"line":57,"column":4},"end":{"line":57,"column":69}},"29":{"start":{"line":60,"column":2},"end":{"line":66,"column":5}},"30":{"start":{"line":61,"column":19},"end":{"line":61,"column":51}},"31":{"start":{"line":62,"column":17},"end":{"line":62,"column":52}},"32":{"start":{"line":64,"column":4},"end":{"line":64,"column":60}},"33":{"start":{"line":65,"column":4},"end":{"line":65,"column":56}},"34":{"start":{"line":68,"column":2},"end":{"line":73,"column":5}},"35":{"start":{"line":69,"column":19},"end":{"line":69,"column":51}},"36":{"start":{"line":71,"column":4},"end":{"line":71,"column":56}},"37":{"start":{"line":72,"column":4},"end":{"line":72,"column":56}}},"fnMap":{"0":{"name":"restaurantRoutes","decl":{"start":{"line":5,"column":22},"end":{"line":5,"column":38}},"loc":{"start":{"line":5,"column":63},"end":{"line":74,"column":1}}},"1":{"name":"(anonymous_1)","decl":{"start":{"line":7,"column":30},"end":{"line":7,"column":35}},"loc":{"start":{"line":7,"column":41},"end":{"line":13,"column":3}}},"2":{"name":"(anonymous_2)","decl":{"start":{"line":9,"column":29},"end":{"line":9,"column":30}},"loc":{"start":{"line":9,"column":39},"end":{"line":12,"column":6}}},"3":{"name":"(anonymous_3)","decl":{"start":{"line":16,"column":34},"end":{"line":16,"column":39}},"loc":{"start":{"line":16,"column":59},"end":{"line":25,"column":3}}},"4":{"name":"(anonymous_4)","decl":{"start":{"line":28,"column":31},"end":{"line":28,"column":36}},"loc":{"start":{"line":28,"column":56},"end":{"line":58,"column":3}}},"5":{"name":"(anonymous_5)","decl":{"start":{"line":32,"column":36},"end":{"line":32,"column":37}},"loc":{"start":{"line":32,"column":46},"end":{"line":32,"column":54}}},"6":{"name":"(anonymous_6)","decl":{"start":{"line":41,"column":24},"end":{"line":41,"column":25}},"loc":{"start":{"line":41,"column":39},"end":{"line":44,"column":7}}},"7":{"name":"(anonymous_7)","decl":{"start":{"line":60,"column":34},"end":{"line":60,"column":39}},"loc":{"start":{"line":60,"column":59},"end":{"line":66,"column":3}}},"8":{"name":"(anonymous_8)","decl":{"start":{"line":68,"column":37},"end":{"line":68,"column":42}},"loc":{"start":{"line":68,"column":62},"end":{"line":73,"column":3}}}},"branchMap":{"0":{"loc":{"start":{"line":20,"column":4},"end":{"line":22,"column":5}},"type":"if","locations":[{"start":{"line":20,"column":4},"end":{"line":22,"column":5}}]},"1":{"loc":{"start":{"line":31,"column":4},"end":{"line":50,"column":5}},"type":"if","locations":[{"start":{"line":31,"column":4},"end":{"line":50,"column":5}}]},"2":{"loc":{"start":{"line":34,"column":6},"end":{"line":38,"column":7}},"type":"if","locations":[{"start":{"line":34,"column":6},"end":{"line":38,"column":7}}]},"3":{"loc":{"start":{"line":52,"column":4},"end":{"line":54,"column":5}},"type":"if","locations":[{"start":{"line":52,"column":4},"end":{"line":54,"column":5}}]}},"s":{"0":1,"1":1,"2":1,"3":1,"4":1,"5":2,"6":1,"7":2,"8":2,"9":2,"10":1,"11":1,"12":1,"13":3,"14":3,"15":2,"16":3,"17":2,"18":1,"19":1,"20":1,"21":2,"22":2,"23":1,"24":1,"25":1,"26":0,"27":1,"28":1,"29":1,"30":1,"31":1,"32":1,"33":1,"34":1,"35":1,"36":1,"37":1},"f":{"0":1,"1":1,"2":2,"3":2,"4":3,"5":3,"6":2,"7":1,"8":1},"b":{"0":[1],"1":[2],"2":[1],"3":[0]}}
,"/Users/vantranguyenthi/Documents/project/letEnjoyYourMeals/api/src/routes/upload.ts": {"path":"/Users/vantranguyenthi/Documents/project/letEnjoyYourMeals/api/src/routes/upload.ts","statementMap":{"0":{"start":{"line":11,"column":0},"end":{"line":11,"column":7}},"1":{"start":{"line":2,"column":0},"end":{"line":2,"column":43}},"2":{"start":{"line":3,"column":0},"end":{"line":3,"column":20}},"3":{"start":{"line":4,"column":0},"end":{"line":4,"column":24}},"4":{"start":{"line":5,"column":0},"end":{"line":5,"column":36}},"5":{"start":{"line":6,"column":0},"end":{"line":6,"column":24}},"6":{"start":{"line":9,"column":13},"end":{"line":9,"column":55}},"7":{"start":{"line":12,"column":2},"end":{"line":12,"column":50}},"8":{"start":{"line":14,"column":2},"end":{"line":40,"column":5}},"9":{"start":{"line":15,"column":17},"end":{"line":15,"column":33}},"10":{"start":{"line":17,"column":4},"end":{"line":19,"column":5}},"11":{"start":{"line":18,"column":6},"end":{"line":18,"column":65}},"12":{"start":{"line":21,"column":19},"end":{"line":21,"column":67}},"13":{"start":{"line":22,"column":21},"end":{"line":22,"column":66}},"14":{"start":{"line":24,"column":4},"end":{"line":24,"column":58}},"15":{"start":{"line":26,"column":18},"end":{"line":29,"column":6}},"16":{"start":{"line":31,"column":25},"end":{"line":31,"column":57}},"17":{"start":{"line":32,"column":4},"end":{"line":32,"column":36}},"18":{"start":{"line":34,"column":22},"end":{"line":34,"column":87}},"19":{"start":{"line":36,"column":4},"end":{"line":39,"column":7}}},"fnMap":{"0":{"name":"uploadRoutes","decl":{"start":{"line":11,"column":22},"end":{"line":11,"column":34}},"loc":{"start":{"line":11,"column":59},"end":{"line":42,"column":1}}},"1":{"name":"(anonymous_2)","decl":{"start":{"line":14,"column":26},"end":{"line":14,"column":31}},"loc":{"start":{"line":14,"column":93},"end":{"line":40,"column":3}}}},"branchMap":{"0":{"loc":{"start":{"line":17,"column":4},"end":{"line":19,"column":5}},"type":"if","locations":[{"start":{"line":17,"column":4},"end":{"line":19,"column":5}}]}},"s":{"0":1,"1":1,"2":1,"3":1,"4":1,"5":1,"6":1,"7":1,"8":1,"9":2,"10":1,"11":0,"12":1,"13":1,"14":1,"15":0,"16":0,"17":0,"18":0,"19":0},"f":{"0":1,"1":2},"b":{"0":[0]}}
,"/Users/vantranguyenthi/Documents/project/letEnjoyYourMeals/api/src/utils/auth.ts": {"path":"/Users/vantranguyenthi/Documents/project/letEnjoyYourMeals/api/src/utils/auth.ts","statementMap":{"0":{"start":{"line":20,"column":0},"end":{"line":20,"column":16}},"1":{"start":{"line":24,"column":0},"end":{"line":24,"column":7}},"2":{"start":{"line":35,"column":0},"end":{"line":35,"column":16}},"3":{"start":{"line":41,"column":0},"end":{"line":41,"column":16}},"4":{"start":{"line":45,"column":0},"end":{"line":45,"column":16}},"5":{"start":{"line":69,"column":0},"end":{"line":69,"column":7}},"6":{"start":{"line":80,"column":0},"end":{"line":80,"column":7}},"7":{"start":{"line":106,"column":0},"end":{"line":106,"column":7}},"8":{"start":{"line":1,"column":0},"end":{"line":1,"column":28}},"9":{"start":{"line":3,"column":0},"end":{"line":3,"column":36}},"10":{"start":{"line":4,"column":0},"end":{"line":4,"column":31}},"11":{"start":{"line":5,"column":0},"end":{"line":5,"column":32}},"12":{"start":{"line":8,"column":19},"end":{"line":8,"column":47}},"13":{"start":{"line":21,"column":2},"end":{"line":21,"column":68}},"14":{"start":{"line":25,"column":17},"end":{"line":25,"column":45}},"15":{"start":{"line":26,"column":14},"end":{"line":30,"column":4}},"16":{"start":{"line":31,"column":15},"end":{"line":31,"column":31}},"17":{"start":{"line":32,"column":2},"end":{"line":32,"column":42}},"18":{"start":{"line":36,"column":21},"end":{"line":36,"column":43}},"19":{"start":{"line":37,"column":2},"end":{"line":37,"column":61}},"20":{"start":{"line":37,"column":19},"end":{"line":37,"column":61}},"21":{"start":{"line":38,"column":2},"end":{"line":38,"column":61}},"22":{"start":{"line":42,"column":2},"end":{"line":42,"column":39}},"23":{"start":{"line":47,"column":4},"end":{"line":48,"column":14}},"24":{"start":{"line":49,"column":20},"end":{"line":49,"column":62}},"25":{"start":{"line":50,"column":25},"end":{"line":50,"column":45}},"26":{"start":{"line":51,"column":21},"end":{"line":54,"column":18}},"27":{"start":{"line":57,"column":5},"end":{"line":59,"column":8}},"28":{"start":{"line":61,"column":2},"end":{"line":66,"column":4}},"29":{"start":{"line":74,"column":2},"end":{"line":77,"column":50}},"30":{"start":{"line":81,"column":20},"end":{"line":81,"column":28}},"31":{"start":{"line":82,"column":2},"end":{"line":89,"column":7}},"32":{"start":{"line":90,"column":2},"end":{"line":90,"column":19}},"33":{"start":{"line":94,"column":16},"end":{"line":94,"column":50}},"34":{"start":{"line":94,"column":31},"end":{"line":94,"column":50}},"35":{"start":{"line":95,"column":12},"end":{"line":95,"column":16}},"36":{"start":{"line":96,"column":15},"end":{"line":96,"column":55}},"37":{"start":{"line":97,"column":15},"end":{"line":97,"column":57}},"38":{"start":{"line":99,"column":4},"end":{"line":102,"column":29}},"39":{"start":{"line":103,"column":2},"end":{"line":103,"column":60}},"40":{"start":{"line":112,"column":14},"end":{"line":112,"column":66}},"41":{"start":{"line":113,"column":2},"end":{"line":113,"column":31}},"42":{"start":{"line":113,"column":19},"end":{"line":113,"column":31}},"43":{"start":{"line":115,"column":15},"end":{"line":115,"column":25}},"44":{"start":{"line":116,"column":17},"end":{"line":116,"column":32}},"45":{"start":{"line":117,"column":23},"end":{"line":117,"column":49}},"46":{"start":{"line":118,"column":19},"end":{"line":118,"column":60}},"47":{"start":{"line":119,"column":2},"end":{"line":119,"column":43}}},"fnMap":{"0":{"name":"hashDeviceId","decl":{"start":{"line":20,"column":16},"end":{"line":20,"column":28}},"loc":{"start":{"line":20,"column":45},"end":{"line":22,"column":1}}},"1":{"name":"verifyCaptcha","decl":{"start":{"line":24,"column":22},"end":{"line":24,"column":35}},"loc":{"start":{"line":24,"column":49},"end":{"line":33,"column":1}}},"2":{"name":"generateTokenMiddle","decl":{"start":{"line":35,"column":16},"end":{"line":35,"column":35}},"loc":{"start":{"line":35,"column":48},"end":{"line":39,"column":1}}},"3":{"name":"verifyToken","decl":{"start":{"line":41,"column":16},"end":{"line":41,"column":27}},"loc":{"start":{"line":41,"column":41},"end":{"line":43,"column":1}}},"4":{"name":"getClientInfo","decl":{"start":{"line":45,"column":16},"end":{"line":45,"column":29}},"loc":{"start":{"line":45,"column":53},"end":{"line":67,"column":1}}},"5":{"name":"storeDevice","decl":{"start":{"line":69,"column":22},"end":{"line":69,"column":33}},"loc":{"start":{"line":72,"column":12},"end":{"line":78,"column":1}}},"6":{"name":"saveSession","decl":{"start":{"line":80,"column":22},"end":{"line":80,"column":33}},"loc":{"start":{"line":80,"column":67},"end":{"line":91,"column":1}}},"7":{"name":"haversineDistance","decl":{"start":{"line":93,"column":9},"end":{"line":93,"column":26}},"loc":{"start":{"line":93,"column":61},"end":{"line":104,"column":1}}},"8":{"name":"(anonymous_9)","decl":{"start":{"line":94,"column":16},"end":{"line":94,"column":17}},"loc":{"start":{"line":94,"column":31},"end":{"line":94,"column":50}}},"9":{"name":"verifyLocation","decl":{"start":{"line":106,"column":22},"end":{"line":106,"column":36}},"loc":{"start":{"line":110,"column":19},"end":{"line":120,"column":1}}}},"branchMap":{"0":{"loc":{"start":{"line":8,"column":19},"end":{"line":8,"column":47}},"type":"binary-expr","locations":[{"start":{"line":8,"column":19},"end":{"line":8,"column":41}},{"start":{"line":8,"column":45},"end":{"line":8,"column":47}}]},"1":{"loc":{"start":{"line":32,"column":9},"end":{"line":32,"column":41}},"type":"binary-expr","locations":[{"start":{"line":32,"column":9},"end":{"line":32,"column":21}},{"start":{"line":32,"column":25},"end":{"line":32,"column":41}}]},"2":{"loc":{"start":{"line":37,"column":2},"end":{"line":37,"column":61}},"type":"if","locations":[{"start":{"line":37,"column":2},"end":{"line":37,"column":61}}]},"3":{"loc":{"start":{"line":47,"column":4},"end":{"line":48,"column":14}},"type":"binary-expr","locations":[{"start":{"line":47,"column":4},"end":{"line":47,"column":64}},{"start":{"line":48,"column":4},"end":{"line":48,"column":14}}]},"4":{"loc":{"start":{"line":49,"column":20},"end":{"line":49,"column":62}},"type":"binary-expr","locations":[{"start":{"line":49,"column":20},"end":{"line":49,"column":49}},{"start":{"line":49,"column":53},"end":{"line":49,"column":62}}]},"5":{"loc":{"start":{"line":57,"column":5},"end":{"line":59,"column":8}},"type":"binary-expr","locations":[{"start":{"line":57,"column":5},"end":{"line":57,"column":35}},{"start":{"line":58,"column":5},"end":{"line":58,"column":36}},{"start":{"line":59,"column":4},"end":{"line":59,"column":8}}]},"6":{"loc":{"start":{"line":110,"column":2},"end":{"line":110,"column":19}},"type":"default-arg","locations":[{"start":{"line":110,"column":16},"end":{"line":110,"column":19}}]},"7":{"loc":{"start":{"line":113,"column":2},"end":{"line":113,"column":31}},"type":"if","locations":[{"start":{"line":113,"column":2},"end":{"line":113,"column":31}}]},"8":{"loc":{"start":{"line":119,"column":9},"end":{"line":119,"column":42}},"type":"binary-expr","locations":[{"start":{"line":119,"column":9},"end":{"line":119,"column":15}},{"start":{"line":119,"column":19},"end":{"line":119,"column":42}}]}},"s":{"0":4,"1":4,"2":4,"3":4,"4":4,"5":4,"6":4,"7":4,"8":4,"9":4,"10":4,"11":4,"12":4,"13":1,"14":2,"15":2,"16":2,"17":2,"18":1,"19":1,"20":0,"21":1,"22":2,"23":1,"24":1,"25":1,"26":1,"27":1,"28":1,"29":1,"30":1,"31":1,"32":1,"33":2,"34":8,"35":2,"36":2,"37":2,"38":2,"39":2,"40":2,"41":2,"42":0,"43":2,"44":2,"45":2,"46":2,"47":2},"f":{"0":1,"1":2,"2":1,"3":2,"4":1,"5":1,"6":1,"7":2,"8":8,"9":2},"b":{"0":[4,3],"1":[2,1],"2":[0],"3":[1,0],"4":[1,0],"5":[1,0,0],"6":[2],"7":[0],"8":[2,2]}}
,"/Users/vantranguyenthi/Documents/project/letEnjoyYourMeals/api/src/utils/firebase.ts": {"path":"/Users/vantranguyenthi/Documents/project/letEnjoyYourMeals/api/src/utils/firebase.ts","statementMap":{"0":{"start":{"line":1,"column":0},"end":{"line":1,"column":42}},"1":{"start":{"line":2,"column":0},"end":{"line":2,"column":56}},"2":{"start":{"line":3,"column":0},"end":{"line":3,"column":35}},"3":{"start":{"line":4,"column":0},"end":{"line":4,"column":54}},"4":{"start":{"line":6,"column":0},"end":{"line":9,"column":3}},"5":{"start":{"line":11,"column":11},"end":{"line":11,"column":25}},"6":{"start":{"line":14,"column":9},"end":{"line":14,"column":11}},"7":{"start":{"line":12,"column":15},"end":{"line":12,"column":39}},"8":{"start":{"line":14,"column":13},"end":{"line":14,"column":19}},"9":{"start":{"line":13,"column":0},"end":{"line":13,"column":null}}},"fnMap":{},"branchMap":{},"s":{"0":7,"1":7,"2":7,"3":7,"4":7,"5":7,"6":7,"7":7,"8":7,"9":7},"f":{},"b":{}}
}
