TN:
SF:src/middleware/verifyAuth.ts
FN:5,authMiddleware
FNF:1
FNH:1
FNDA:5,authMiddleware
DA:2,1
DA:3,1
DA:5,1
DA:9,5
DA:10,5
DA:11,1
DA:14,4
DA:17,4
DA:18,4
DA:20,1
DA:23,3
DA:24,3
DA:25,1
DA:28,2
DA:31,2
LF:15
LH:15
BRDA:10,0,0,1
BRDA:10,1,0,5
BRDA:10,1,1,4
BRDA:24,2,0,1
BRF:4
BRH:4
end_of_record
TN:
SF:src/middleware/verifyLocationMiddleware.ts
FN:7,notifyAdmin
FN:29,verifyLocationMiddleware
FNF:2
FNH:1
FNDA:0,notifyAdmin
FNDA:3,verifyLocationMiddleware
DA:2,1
DA:3,1
DA:5,1
DA:8,0
DA:10,0
DA:18,0
DA:19,0
DA:25,0
DA:29,1
DA:33,3
DA:34,3
DA:36,2
DA:37,2
DA:38,0
DA:42,0
DA:44,0
DA:47,1
LF:17
LH:9
BRDA:5,0,0,1
BRDA:5,0,1,0
BRDA:8,1,0,0
BRDA:37,2,0,0
BRF:4
BRH:1
end_of_record
TN:
SF:src/routes/auth.ts
FN:13,authRoutes
FN:14,(anonymous_1)
FN:48,(anonymous_2)
FN:80,(anonymous_3)
FNF:4
FNH:4
FNDA:1,authRoutes
FNDA:5,(anonymous_1)
FNDA:3,(anonymous_2)
FNDA:3,(anonymous_3)
DA:2,1
DA:11,1
DA:13,1
DA:14,1
DA:15,5
DA:17,5
DA:18,1
DA:21,4
DA:22,4
DA:23,1
DA:26,3
DA:27,3
DA:28,1
DA:31,2
DA:37,2
DA:38,1
DA:41,1
DA:42,1
DA:43,1
DA:45,1
DA:48,1
DA:49,3
DA:50,3
DA:51,1
DA:54,2
DA:56,2
DA:57,2
DA:59,1
DA:62,1
DA:68,1
DA:69,1
DA:72,1
DA:73,1
DA:74,1
DA:77,1
DA:80,1
DA:81,3
DA:82,3
DA:83,1
DA:86,2
DA:89,2
DA:90,2
DA:92,1
DA:95,1
DA:101,1
DA:102,0
DA:105,1
DA:106,1
LF:48
LH:47
BRDA:17,0,0,1
BRDA:22,1,0,1
BRDA:27,2,0,1
BRDA:37,3,0,1
BRDA:50,4,0,1
BRDA:68,5,0,1
BRDA:73,6,0,1
BRDA:82,7,0,1
BRDA:101,8,0,0
BRF:9
BRH:8
end_of_record
TN:
SF:src/routes/category.ts
FN:5,categoryRoutes
FN:7,(anonymous_1)
FN:9,(anonymous_2)
FN:16,(anonymous_3)
FN:28,(anonymous_4)
FN:57,(anonymous_5)
FN:66,(anonymous_6)
FNF:7
FNH:7
FNDA:1,categoryRoutes
FNDA:1,(anonymous_1)
FNDA:2,(anonymous_2)
FNDA:2,(anonymous_3)
FNDA:3,(anonymous_4)
FNDA:1,(anonymous_5)
FNDA:1,(anonymous_6)
DA:2,1
DA:5,1
DA:7,1
DA:8,1
DA:9,2
DA:16,1
DA:17,2
DA:18,2
DA:20,2
DA:21,1
DA:24,1
DA:28,1
DA:29,3
DA:31,3
DA:32,1
DA:35,2
DA:37,2
DA:38,2
DA:39,1
DA:44,1
DA:45,1
DA:48,1
DA:50,1
DA:57,1
DA:58,1
DA:59,1
DA:61,1
DA:62,1
DA:66,1
DA:67,1
DA:69,1
DA:70,1
LF:32
LH:32
BRDA:20,0,0,1
BRDA:31,1,0,1
BRDA:31,2,0,3
BRDA:31,2,1,2
BRDA:38,3,0,1
BRF:5
BRH:5
end_of_record
TN:
SF:src/routes/comment.ts
FN:5,commentRoutes
FN:7,(anonymous_1)
FN:15,(anonymous_2)
FN:19,(anonymous_3)
FN:31,(anonymous_4)
FN:54,(anonymous_5)
FN:64,(anonymous_6)
FNF:7
FNH:7
FNDA:1,commentRoutes
FNDA:2,(anonymous_1)
FNDA:3,(anonymous_2)
FNDA:2,(anonymous_3)
FNDA:1,(anonymous_4)
FNDA:1,(anonymous_5)
FNDA:1,(anonymous_6)
DA:2,1
DA:5,1
DA:7,1
DA:8,2
DA:10,2
DA:11,2
DA:15,3
DA:19,1
DA:20,2
DA:21,2
DA:23,2
DA:24,1
DA:27,1
DA:31,1
DA:32,1
DA:33,1
DA:35,1
DA:37,1
DA:38,1
DA:39,1
DA:48,1
DA:50,1
DA:54,1
DA:55,1
DA:56,1
DA:58,1
DA:59,1
DA:60,1
DA:64,1
DA:65,1
DA:66,1
DA:67,1
LF:32
LH:32
BRDA:11,0,0,1
BRDA:11,0,1,1
BRDA:23,1,0,1
BRDA:43,2,0,1
BRDA:43,2,1,1
BRDA:44,3,0,1
BRDA:44,3,1,1
BRF:7
BRH:7
end_of_record
TN:
SF:src/routes/restaurant.ts
FN:5,restaurantRoutes
FN:7,(anonymous_1)
FN:9,(anonymous_2)
FN:16,(anonymous_3)
FN:28,(anonymous_4)
FN:32,(anonymous_5)
FN:41,(anonymous_6)
FN:60,(anonymous_7)
FN:68,(anonymous_8)
FNF:9
FNH:9
FNDA:1,restaurantRoutes
FNDA:1,(anonymous_1)
FNDA:2,(anonymous_2)
FNDA:2,(anonymous_3)
FNDA:3,(anonymous_4)
FNDA:3,(anonymous_5)
FNDA:2,(anonymous_6)
FNDA:1,(anonymous_7)
FNDA:1,(anonymous_8)
DA:2,1
DA:5,1
DA:7,1
DA:8,1
DA:9,2
DA:16,1
DA:17,2
DA:18,2
DA:20,2
DA:21,1
DA:24,1
DA:28,1
DA:29,3
DA:31,3
DA:32,3
DA:34,2
DA:35,1
DA:40,1
DA:41,1
DA:42,2
DA:43,2
DA:46,1
DA:47,1
DA:52,1
DA:53,0
DA:56,1
DA:57,1
DA:60,1
DA:61,1
DA:62,1
DA:64,1
DA:65,1
DA:68,1
DA:69,1
DA:71,1
DA:72,1
LF:36
LH:35
BRDA:20,0,0,1
BRDA:31,1,0,2
BRDA:34,2,0,1
BRDA:52,3,0,0
BRF:4
BRH:3
end_of_record
TN:
SF:src/routes/upload.ts
FN:11,uploadRoutes
FN:14,(anonymous_2)
FNF:2
FNH:2
FNDA:1,uploadRoutes
FNDA:2,(anonymous_2)
DA:2,1
DA:3,1
DA:4,1
DA:5,1
DA:6,1
DA:9,1
DA:11,1
DA:12,1
DA:14,1
DA:15,2
DA:17,1
DA:18,0
DA:21,1
DA:22,1
DA:24,1
DA:26,0
DA:31,0
DA:32,0
DA:34,0
DA:36,0
LF:20
LH:14
BRDA:17,0,0,0
BRF:1
BRH:0
end_of_record
TN:
SF:src/utils/auth.ts
FN:20,hashDeviceId
FN:24,verifyCaptcha
FN:35,generateTokenMiddle
FN:41,verifyToken
FN:45,getClientInfo
FN:69,storeDevice
FN:80,saveSession
FN:93,haversineDistance
FN:94,(anonymous_9)
FN:106,verifyLocation
FNF:10
FNH:10
FNDA:1,hashDeviceId
FNDA:2,verifyCaptcha
FNDA:1,generateTokenMiddle
FNDA:2,verifyToken
FNDA:1,getClientInfo
FNDA:1,storeDevice
FNDA:1,saveSession
FNDA:2,haversineDistance
FNDA:8,(anonymous_9)
FNDA:2,verifyLocation
DA:1,4
DA:3,4
DA:4,4
DA:5,4
DA:8,4
DA:20,4
DA:21,1
DA:24,4
DA:25,2
DA:26,2
DA:31,2
DA:32,2
DA:35,4
DA:36,1
DA:37,1
DA:38,1
DA:41,4
DA:42,2
DA:45,4
DA:47,1
DA:49,1
DA:50,1
DA:51,1
DA:57,1
DA:61,1
DA:69,4
DA:74,1
DA:80,4
DA:81,1
DA:82,1
DA:90,1
DA:94,8
DA:95,2
DA:96,2
DA:97,2
DA:99,2
DA:103,2
DA:106,4
DA:112,2
DA:113,2
DA:115,2
DA:116,2
DA:117,2
DA:118,2
DA:119,2
LF:45
LH:45
BRDA:8,0,0,4
BRDA:8,0,1,3
BRDA:32,1,0,2
BRDA:32,1,1,1
BRDA:37,2,0,0
BRDA:47,3,0,1
BRDA:47,3,1,0
BRDA:49,4,0,1
BRDA:49,4,1,0
BRDA:57,5,0,1
BRDA:57,5,1,0
BRDA:57,5,2,0
BRDA:110,6,0,2
BRDA:113,7,0,0
BRDA:119,8,0,2
BRDA:119,8,1,2
BRF:16
BRH:10
end_of_record
TN:
SF:src/utils/firebase.ts
FNF:0
FNH:0
DA:1,7
DA:2,7
DA:3,7
DA:4,7
DA:6,7
DA:11,7
DA:12,7
DA:13,7
DA:14,7
LF:9
LH:9
BRF:0
BRH:0
end_of_record
